<?xml version="1.0" encoding="UTF-8"?>
<!-- Generated by org.testng.reporters.JUnitReportReporter -->
<testsuite hostname="BDC4C-D-2HV6N62" name="com.serviceNow.testcases.OSRequestTest" tests="1" failures="0" timestamp="23 Nov 2017 12:55:27 GMT" time="266.066" errors="0">
  <testcase name="verifyRequestorAccessOnCreatedRequest" time="266.066" classname="com.serviceNow.testcases.OSRequestTest"/>
</testsuite> <!-- com.serviceNow.testcases.OSRequestTest -->
