<?xml version="1.0" encoding="UTF-8"?>
<!-- Generated by org.testng.reporters.JUnitReportReporter -->
<testsuite hostname="BDC4C-D-2HV6N62" name="com.serviceNow.testcases.MainTest" tests="1" failures="0" timestamp="14 Dec 2017 08:53:17 GMT" time="257.046" errors="0">
  <testcase name="verifyPendingProcessFromESSPortal" time="257.046" classname="com.serviceNow.testcases.MainTest"/>
</testsuite> <!-- com.serviceNow.testcases.MainTest -->
