<?xml version="1.0" encoding="UTF-8"?>
<!-- Generated by org.testng.reporters.JUnitReportReporter -->
<testsuite hostname="BDC4C-D-2HV6N62" name="com.serviceNow.testcases.EARequestTest" tests="1" failures="0" timestamp="3 Nov 2017 06:51:30 GMT" time="86.495" errors="0">
  <testcase name="verifyFieldsInCreationForm" time="86.495" classname="com.serviceNow.testcases.EARequestTest"/>
</testsuite> <!-- com.serviceNow.testcases.EARequestTest -->
