<?xml version="1.0" encoding="UTF-8"?>
<!-- Generated by org.testng.reporters.JUnitReportReporter -->
<testsuite hostname="BDC8-DX-416P5XW" name="com.serviceNow.testcases.CMDBTest" tests="6" failures="0" timestamp="1 Jun 2018 11:57:45 GMT" time="576.728" errors="0">
  <testcase name="ServiceOperationsManagerApproverlogin" time="133.697" classname="com.serviceNow.testcases.CMDBTest"/>
  <testcase name="ApplicationDetailViewPage" time="27.436" classname="com.serviceNow.testcases.CMDBTest"/>
  <testcase name="Register" time="4.290" classname="com.serviceNow.testcases.CMDBTest"/>
  <testcase name="ServiceOperationsMDApproverlogin" time="108.726" classname="com.serviceNow.testcases.CMDBTest"/>
  <testcase name="login" time="42.062" classname="com.serviceNow.testcases.CMDBTest"/>
  <testcase name="RegisterAnApplication" time="260.517" classname="com.serviceNow.testcases.CMDBTest"/>
</testsuite> <!-- com.serviceNow.testcases.CMDBTest -->
